<?xml version="1.0" encoding="UTF-8"?>
<!-- Generated by org.testng.reporters.JUnitReportReporter -->
<testsuite hostname="INFAR51990" name="executionEngine.RunTestNG" tests="1" failures="0" timestamp="23 Apr 2018 09:26:15 GMT" time="415.995" errors="0">
  <testcase name="main" time="415.995" classname="executionEngine.RunTestNG"/>
</testsuite> <!-- executionEngine.RunTestNG -->
